# JRE version: OpenJDK Runtime Environment Temurin-21.0.7+6 (21.0.7+6) (build 21.0.7+6-LTS)
# Java VM: OpenJDK 64-Bit Server VM Temurin-21.0.7+6 (21.0.7+6-LTS, mixed mode, sharing, tiered, compressed oops, compressed class ptrs, parallel gc, windows-amd64)
GC Precious Log:
 CardTable entry size: 512
 CPUs: 4 total, 4 available
 Memory: 8075M
 Large Page Support: Disabled
 NUMA Support: Disabled
 Compressed Oops: Enabled (32-bit)
 Alignments: Space 512K, Generation 512K, Heap 2M
 Heap Min Capacity: 100M
 Heap Initial Capacity: 100M
 Heap Max Capacity: 1G
 Pre-touch: Disabled
 Parallel Workers: 4
Heap:
 PSYoungGen      total 5632K, used 5541K [0x00000000eab00000, 0x00000000eb300000, 0x0000000100000000)
  eden space 4096K, 98% used [0x00000000eab00000,0x00000000eaeef548,0x00000000eaf00000)
  from space 1536K, 98% used [0x00000000eb180000,0x00000000eb2f9ef0,0x00000000eb300000)
  to   space 2048K, 99% used [0x00000000eaf00000,0x00000000eb0fcac8,0x00000000eb100000)
 ParOldGen       total 648704K, used 648698K [0x00000000c0000000, 0x00000000e7980000, 0x00000000eab00000)
  object space 648704K, 99% used [0x00000000c0000000,0x00000000e797ea18,0x00000000e7980000)
 Metaspace       used 75189K, committed 76800K, reserved 1179648K
  class space    used 7786K, committed 8448K, reserved 1048576K
GC Heap History (20 events):
Event: 76.999 GC heap before
{Heap before GC invocations=927 (full 4):
 PSYoungGen      total 4608K, used 4589K [0x00000000eab00000, 0x00000000eb480000, 0x0000000100000000)
  eden space 3584K, 100% used [0x00000000eab00000,0x00000000eae80000,0x00000000eae80000)
  from space 1024K, 98% used [0x00000000eb080000,0x00000000eb17b508,0x00000000eb180000)
  to   space 2048K, 0% used [0x00000000eae80000,0x00000000eae80000,0x00000000eb080000)
 ParOldGen       total 638464K, used 638420K [0x00000000c0000000, 0x00000000e6f80000, 0x00000000eab00000)
  object space 638464K, 99% used [0x00000000c0000000,0x00000000e6f752a8,0x00000000e6f80000)
 Metaspace       used 75078K, committed 76672K, reserved 1179648K
  class space    used 7775K, committed 8448K, reserved 1048576K
}
Event: 77.003 GC heap after
{Heap after GC invocations=927 (full 4):
 PSYoungGen      total 5632K, used 512K [0x00000000eab00000, 0x00000000eb180000, 0x0000000100000000)
  eden space 3584K, 0% used [0x00000000eab00000,0x00000000eab00000,0x00000000eae80000)
  from space 2048K, 25% used [0x00000000eae80000,0x00000000eaf00000,0x00000000eb080000)
  to   space 1024K, 0% used [0x00000000eb080000,0x00000000eb080000,0x00000000eb180000)
 ParOldGen       total 640000K, used 639943K [0x00000000c0000000, 0x00000000e7100000, 0x00000000eab00000)
  object space 640000K, 99% used [0x00000000c0000000,0x00000000e70f1d38,0x00000000e7100000)
 Metaspace       used 75078K, committed 76672K, reserved 1179648K
  class space    used 7775K, committed 8448K, reserved 1048576K
}
Event: 77.030 GC heap before
{Heap before GC invocations=928 (full 4):
 PSYoungGen      total 5632K, used 4096K [0x00000000eab00000, 0x00000000eb180000, 0x0000000100000000)
  eden space 3584K, 100% used [0x00000000eab00000,0x00000000eae80000,0x00000000eae80000)
  from space 2048K, 25% used [0x00000000eae80000,0x00000000eaf00000,0x00000000eb080000)
  to   space 1024K, 0% used [0x00000000eb080000,0x00000000eb080000,0x00000000eb180000)
 ParOldGen       total 640000K, used 639943K [0x00000000c0000000, 0x00000000e7100000, 0x00000000eab00000)
  object space 640000K, 99% used [0x00000000c0000000,0x00000000e70f1d38,0x00000000e7100000)
 Metaspace       used 75078K, committed 76672K, reserved 1179648K
  class space    used 7775K, committed 8448K, reserved 1048576K
}
Event: 77.034 GC heap after
{Heap after GC invocations=928 (full 4):
 PSYoungGen      total 4608K, used 1002K [0x00000000eab00000, 0x00000000eb380000, 0x0000000100000000)
  eden space 3584K, 0% used [0x00000000eab00000,0x00000000eab00000,0x00000000eae80000)
  from space 1024K, 97% used [0x00000000eb080000,0x00000000eb17a960,0x00000000eb180000)
  to   space 2048K, 0% used [0x00000000eae80000,0x00000000eae80000,0x00000000eb080000)
 ParOldGen       total 640512K, used 640447K [0x00000000c0000000, 0x00000000e7180000, 0x00000000eab00000)
  object space 640512K, 99% used [0x00000000c0000000,0x00000000e716fd38,0x00000000e7180000)
 Metaspace       used 75078K, committed 76672K, reserved 1179648K
  class space    used 7775K, committed 8448K, reserved 1048576K
}
Event: 77.170 GC heap before
{Heap before GC invocations=929 (full 4):
 PSYoungGen      total 4608K, used 4586K [0x00000000eab00000, 0x00000000eb380000, 0x0000000100000000)
  eden space 3584K, 100% used [0x00000000eab00000,0x00000000eae80000,0x00000000eae80000)
  from space 1024K, 97% used [0x00000000eb080000,0x00000000eb17a960,0x00000000eb180000)
  to   space 2048K, 0% used [0x00000000eae80000,0x00000000eae80000,0x00000000eb080000)
 ParOldGen       total 640512K, used 640447K [0x00000000c0000000, 0x00000000e7180000, 0x00000000eab00000)
  object space 640512K, 99% used [0x00000000c0000000,0x00000000e716fd38,0x00000000e7180000)
 Metaspace       used 75081K, committed 76672K, reserved 1179648K
  class space    used 7775K, committed 8448K, reserved 1048576K
}
Event: 77.176 GC heap after
{Heap after GC invocations=929 (full 4):
 PSYoungGen      total 4096K, used 186K [0x00000000eab00000, 0x00000000eb100000, 0x0000000100000000)
  eden space 3584K, 0% used [0x00000000eab00000,0x00000000eab00000,0x00000000eae80000)
  from space 512K, 36% used [0x00000000eae80000,0x00000000eaeaea00,0x00000000eaf00000)
  to   space 1024K, 0% used [0x00000000eb000000,0x00000000eb000000,0x00000000eb100000)
 ParOldGen       total 641024K, used 640591K [0x00000000c0000000, 0x00000000e7200000, 0x00000000eab00000)
  object space 641024K, 99% used [0x00000000c0000000,0x00000000e7193d38,0x00000000e7200000)
 Metaspace       used 75081K, committed 76672K, reserved 1179648K
  class space    used 7775K, committed 8448K, reserved 1048576K
}
Event: 77.192 GC heap before
{Heap before GC invocations=930 (full 4):
 PSYoungGen      total 4096K, used 3770K [0x00000000eab00000, 0x00000000eb100000, 0x0000000100000000)
  eden space 3584K, 100% used [0x00000000eab00000,0x00000000eae80000,0x00000000eae80000)
  from space 512K, 36% used [0x00000000eae80000,0x00000000eaeaea00,0x00000000eaf00000)
  to   space 1024K, 0% used [0x00000000eb000000,0x00000000eb000000,0x00000000eb100000)
 ParOldGen       total 641024K, used 640591K [0x00000000c0000000, 0x00000000e7200000, 0x00000000eab00000)
  object space 641024K, 99% used [0x00000000c0000000,0x00000000e7193d38,0x00000000e7200000)
 Metaspace       used 75081K, committed 76672K, reserved 1179648K
  class space    used 7775K, committed 8448K, reserved 1048576K
}
Event: 77.195 GC heap after
{Heap after GC invocations=930 (full 4):
 PSYoungGen      total 4096K, used 480K [0x00000000eab00000, 0x00000000eb080000, 0x0000000100000000)
  eden space 3584K, 0% used [0x00000000eab00000,0x00000000eab00000,0x00000000eae80000)
  from space 512K, 93% used [0x00000000eb000000,0x00000000eb078000,0x00000000eb080000)
  to   space 1024K, 0% used [0x00000000eae80000,0x00000000eae80000,0x00000000eaf80000)
 ParOldGen       total 641024K, used 640721K [0x00000000c0000000, 0x00000000e7200000, 0x00000000eab00000)
  object space 641024K, 99% used [0x00000000c0000000,0x00000000e71b4738,0x00000000e7200000)
 Metaspace       used 75081K, committed 76672K, reserved 1179648K
  class space    used 7775K, committed 8448K, reserved 1048576K
}
Event: 77.213 GC heap before
{Heap before GC invocations=931 (full 4):
 PSYoungGen      total 4096K, used 4064K [0x00000000eab00000, 0x00000000eb080000, 0x0000000100000000)
  eden space 3584K, 100% used [0x00000000eab00000,0x00000000eae80000,0x00000000eae80000)
  from space 512K, 93% used [0x00000000eb000000,0x00000000eb078000,0x00000000eb080000)
  to   space 1024K, 0% used [0x00000000eae80000,0x00000000eae80000,0x00000000eaf80000)
 ParOldGen       total 641024K, used 640721K [0x00000000c0000000, 0x00000000e7200000, 0x00000000eab00000)
  object space 641024K, 99% used [0x00000000c0000000,0x00000000e71b4738,0x00000000e7200000)
 Metaspace       used 75081K, committed 76672K, reserved 1179648K
  class space    used 7775K, committed 8448K, reserved 1048576K
}
Event: 77.218 GC heap after
{Heap after GC invocations=931 (full 4):
 PSYoungGen      total 4608K, used 411K [0x00000000eab00000, 0x00000000eb080000, 0x0000000100000000)
  eden space 3584K, 0% used [0x00000000eab00000,0x00000000eab00000,0x00000000eae80000)
  from space 1024K, 40% used [0x00000000eae80000,0x00000000eaee6c08,0x00000000eaf80000)
  to   space 512K, 0% used [0x00000000eb000000,0x00000000eb000000,0x00000000eb080000)
 ParOldGen       total 641536K, used 641121K [0x00000000c0000000, 0x00000000e7280000, 0x00000000eab00000)
  object space 641536K, 99% used [0x00000000c0000000,0x00000000e7218738,0x00000000e7280000)
 Metaspace       used 75081K, committed 76672K, reserved 1179648K
  class space    used 7775K, committed 8448K, reserved 1048576K
}
Event: 77.237 GC heap before
{Heap before GC invocations=932 (full 4):
 PSYoungGen      total 4608K, used 3995K [0x00000000eab00000, 0x00000000eb080000, 0x0000000100000000)
  eden space 3584K, 100% used [0x00000000eab00000,0x00000000eae80000,0x00000000eae80000)
  from space 1024K, 40% used [0x00000000eae80000,0x00000000eaee6c08,0x00000000eaf80000)
  to   space 512K, 0% used [0x00000000eb000000,0x00000000eb000000,0x00000000eb080000)
 ParOldGen       total 641536K, used 641121K [0x00000000c0000000, 0x00000000e7280000, 0x00000000eab00000)
  object space 641536K, 99% used [0x00000000c0000000,0x00000000e7218738,0x00000000e7280000)
 Metaspace       used 75081K, committed 76672K, reserved 1179648K
  class space    used 7775K, committed 8448K, reserved 1048576K
}
Event: 77.240 GC heap after
{Heap after GC invocations=932 (full 4):
 PSYoungGen      total 5120K, used 416K [0x00000000eab00000, 0x00000000eb080000, 0x0000000100000000)
  eden space 4608K, 0% used [0x00000000eab00000,0x00000000eab00000,0x00000000eaf80000)
  from space 512K, 81% used [0x00000000eb000000,0x00000000eb068000,0x00000000eb080000)
  to   space 512K, 0% used [0x00000000eaf80000,0x00000000eaf80000,0x00000000eb000000)
 ParOldGen       total 641536K, used 641500K [0x00000000c0000000, 0x00000000e7280000, 0x00000000eab00000)
  object space 641536K, 99% used [0x00000000c0000000,0x00000000e7277340,0x00000000e7280000)
 Metaspace       used 75081K, committed 76672K, reserved 1179648K
  class space    used 7775K, committed 8448K, reserved 1048576K
}
Event: 77.514 GC heap before
{Heap before GC invocations=933 (full 4):
 PSYoungGen      total 5120K, used 5024K [0x00000000eab00000, 0x00000000eb080000, 0x0000000100000000)
  eden space 4608K, 100% used [0x00000000eab00000,0x00000000eaf80000,0x00000000eaf80000)
  from space 512K, 81% used [0x00000000eb000000,0x00000000eb068000,0x00000000eb080000)
  to   space 512K, 0% used [0x00000000eaf80000,0x00000000eaf80000,0x00000000eb000000)
 ParOldGen       total 641536K, used 641500K [0x00000000c0000000, 0x00000000e7280000, 0x00000000eab00000)
  object space 641536K, 99% used [0x00000000c0000000,0x00000000e7277340,0x00000000e7280000)
 Metaspace       used 75177K, committed 76800K, reserved 1179648K
  class space    used 7785K, committed 8448K, reserved 1048576K
}
Event: 77.521 GC heap after
{Heap after GC invocations=933 (full 4):
 PSYoungGen      total 5120K, used 487K [0x00000000eab00000, 0x00000000eb280000, 0x0000000100000000)
  eden space 4608K, 0% used [0x00000000eab00000,0x00000000eab00000,0x00000000eaf80000)
  from space 512K, 95% used [0x00000000eaf80000,0x00000000eaff9de0,0x00000000eb000000)
  to   space 1536K, 0% used [0x00000000eb100000,0x00000000eb100000,0x00000000eb280000)
 ParOldGen       total 642048K, used 641972K [0x00000000c0000000, 0x00000000e7300000, 0x00000000eab00000)
  object space 642048K, 99% used [0x00000000c0000000,0x00000000e72ed340,0x00000000e7300000)
 Metaspace       used 75177K, committed 76800K, reserved 1179648K
  class space    used 7785K, committed 8448K, reserved 1048576K
}
Event: 77.549 GC heap before
{Heap before GC invocations=934 (full 4):
 PSYoungGen      total 5120K, used 5095K [0x00000000eab00000, 0x00000000eb280000, 0x0000000100000000)
  eden space 4608K, 100% used [0x00000000eab00000,0x00000000eaf80000,0x00000000eaf80000)
  from space 512K, 95% used [0x00000000eaf80000,0x00000000eaff9de0,0x00000000eb000000)
  to   space 1536K, 0% used [0x00000000eb100000,0x00000000eb100000,0x00000000eb280000)
 ParOldGen       total 642048K, used 641972K [0x00000000c0000000, 0x00000000e7300000, 0x00000000eab00000)
  object space 642048K, 99% used [0x00000000c0000000,0x00000000e72ed340,0x00000000e7300000)
 Metaspace       used 75178K, committed 76800K, reserved 1179648K
  class space    used 7785K, committed 8448K, reserved 1048576K
}
Event: 77.556 GC heap after
{Heap after GC invocations=934 (full 4):
 PSYoungGen      total 5632K, used 1536K [0x00000000eab00000, 0x00000000eb380000, 0x0000000100000000)
  eden space 4096K, 0% used [0x00000000eab00000,0x00000000eab00000,0x00000000eaf00000)
  from space 1536K, 100% used [0x00000000eb100000,0x00000000eb280000,0x00000000eb280000)
  to   space 2048K, 0% used [0x00000000eaf00000,0x00000000eaf00000,0x00000000eb100000)
 ParOldGen       total 642560K, used 642456K [0x00000000c0000000, 0x00000000e7380000, 0x00000000eab00000)
  object space 642560K, 99% used [0x00000000c0000000,0x00000000e73662c8,0x00000000e7380000)
 Metaspace       used 75178K, committed 76800K, reserved 1179648K
  class space    used 7785K, committed 8448K, reserved 1048576K
}
Event: 77.574 GC heap before
{Heap before GC invocations=935 (full 4):
 PSYoungGen      total 5632K, used 5510K [0x00000000eab00000, 0x00000000eb380000, 0x0000000100000000)
  eden space 4096K, 97% used [0x00000000eab00000,0x00000000eaee1bc0,0x00000000eaf00000)
  from space 1536K, 100% used [0x00000000eb100000,0x00000000eb280000,0x00000000eb280000)
  to   space 2048K, 0% used [0x00000000eaf00000,0x00000000eaf00000,0x00000000eb100000)
 ParOldGen       total 642560K, used 642456K [0x00000000c0000000, 0x00000000e7380000, 0x00000000eab00000)
  object space 642560K, 99% used [0x00000000c0000000,0x00000000e73662c8,0x00000000e7380000)
 Metaspace       used 75180K, committed 76800K, reserved 1179648K
  class space    used 7786K, committed 8448K, reserved 1048576K
}
Event: 77.579 GC heap after
{Heap after GC invocations=935 (full 4):
 PSYoungGen      total 6144K, used 1376K [0x00000000eab00000, 0x00000000eb300000, 0x0000000100000000)
  eden space 4096K, 0% used [0x00000000eab00000,0x00000000eab00000,0x00000000eaf00000)
  from space 2048K, 67% used [0x00000000eaf00000,0x00000000eb058000,0x00000000eb100000)
  to   space 1536K, 0% used [0x00000000eb180000,0x00000000eb180000,0x00000000eb300000)
 ParOldGen       total 644096K, used 643976K [0x00000000c0000000, 0x00000000e7500000, 0x00000000eab00000)
  object space 644096K, 99% used [0x00000000c0000000,0x00000000e74e22c8,0x00000000e7500000)
 Metaspace       used 75180K, committed 76800K, reserved 1179648K
  class space    used 7786K, committed 8448K, reserved 1048576K
}
Event: 77.606 GC heap before
{Heap before GC invocations=936 (full 4):
 PSYoungGen      total 6144K, used 5472K [0x00000000eab00000, 0x00000000eb300000, 0x0000000100000000)
  eden space 4096K, 100% used [0x00000000eab00000,0x00000000eaf00000,0x00000000eaf00000)
  from space 2048K, 67% used [0x00000000eaf00000,0x00000000eb058000,0x00000000eb100000)
  to   space 1536K, 0% used [0x00000000eb180000,0x00000000eb180000,0x00000000eb300000)
 ParOldGen       total 644096K, used 643976K [0x00000000c0000000, 0x00000000e7500000, 0x00000000eab00000)
  object space 644096K, 99% used [0x00000000c0000000,0x00000000e74e22c8,0x00000000e7500000)
 Metaspace       used 75183K, committed 76800K, reserved 1179648K
  class space    used 7786K, committed 8448K, reserved 1048576K
}
Event: 77.618 GC heap after
{Heap after GC invocations=936 (full 4):
 PSYoungGen      total 5632K, used 1511K [0x00000000eab00000, 0x00000000eb300000, 0x0000000100000000)
  eden space 4096K, 0% used [0x00000000eab00000,0x00000000eab00000,0x00000000eaf00000)
  from space 1536K, 98% used [0x00000000eb180000,0x00000000eb2f9ef0,0x00000000eb300000)
  to   space 2048K, 0% used [0x00000000eaf00000,0x00000000eaf00000,0x00000000eb100000)
 ParOldGen       total 648192K, used 647885K [0x00000000c0000000, 0x00000000e7900000, 0x00000000eab00000)
  object space 648192K, 99% used [0x00000000c0000000,0x00000000e78b3670,0x00000000e7900000)
 Metaspace       used 75183K, committed 76800K, reserved 1179648K
  class space    used 7786K, committed 8448K, reserved 1048576K
}

