# JRE version: OpenJDK Runtime Environment Temurin-21.0.7+6 (21.0.7+6) (build 21.0.7+6-LTS)
# Java VM: OpenJDK 64-Bit Server VM Temurin-21.0.7+6 (21.0.7+6-LTS, mixed mode, sharing, tiered, compressed oops, compressed class ptrs, parallel gc, windows-amd64)
GC Precious Log:
 CardTable entry size: 512
 CPUs: 4 total, 4 available
 Memory: 8075M
 Large Page Support: Disabled
 NUMA Support: Disabled
 Compressed Oops: Enabled (32-bit)
 Alignments: Space 512K, Generation 512K, Heap 2M
 Heap Min Capacity: 100M
 Heap Initial Capacity: 100M
 Heap Max Capacity: 1G
 Pre-touch: Disabled
 Parallel Workers: 4
Heap:
 PSYoungGen      total 6144K, used 4172K [0x00000000eab00000, 0x00000000eb200000, 0x0000000100000000)
  eden space 5120K, 67% used [0x00000000eab00000,0x00000000eae63250,0x00000000eb000000)
  from space 1024K, 68% used [0x00000000eb000000,0x00000000eb0b0000,0x00000000eb100000)
  to   space 1024K, 0% used [0x00000000eb100000,0x00000000eb100000,0x00000000eb200000)
 ParOldGen       total 449536K, used 449430K [0x00000000c0000000, 0x00000000db700000, 0x00000000eab00000)
  object space 449536K, 99% used [0x00000000c0000000,0x00000000db6e58d0,0x00000000db700000)
 Metaspace       used 73744K, committed 75200K, reserved 1179648K
  class space    used 7720K, committed 8320K, reserved 1048576K
GC Heap History (20 events):
Event: 100.806 GC heap before
{Heap before GC invocations=1251 (full 3):
 PSYoungGen      total 5632K, used 5440K [0x00000000eab00000, 0x00000000eb180000, 0x0000000100000000)
  eden space 5120K, 100% used [0x00000000eab00000,0x00000000eb000000,0x00000000eb000000)
  from space 512K, 62% used [0x00000000eb080000,0x00000000eb0d0150,0x00000000eb100000)
  to   space 512K, 0% used [0x00000000eb100000,0x00000000eb100000,0x00000000eb180000)
 ParOldGen       total 446976K, used 446340K [0x00000000c0000000, 0x00000000db480000, 0x00000000eab00000)
  object space 446976K, 99% used [0x00000000c0000000,0x00000000db3e1228,0x00000000db480000)
 Metaspace       used 73485K, committed 74944K, reserved 1179648K
  class space    used 7688K, committed 8320K, reserved 1048576K
}
Event: 100.809 GC heap after
{Heap after GC invocations=1251 (full 3):
 PSYoungGen      total 5632K, used 276K [0x00000000eab00000, 0x00000000eb180000, 0x0000000100000000)
  eden space 5120K, 0% used [0x00000000eab00000,0x00000000eab00000,0x00000000eb000000)
  from space 512K, 54% used [0x00000000eb100000,0x00000000eb1452c0,0x00000000eb180000)
  to   space 512K, 0% used [0x00000000eb080000,0x00000000eb080000,0x00000000eb100000)
 ParOldGen       total 446976K, used 446527K [0x00000000c0000000, 0x00000000db480000, 0x00000000eab00000)
  object space 446976K, 99% used [0x00000000c0000000,0x00000000db40ffe0,0x00000000db480000)
 Metaspace       used 73485K, committed 74944K, reserved 1179648K
  class space    used 7688K, committed 8320K, reserved 1048576K
}
Event: 100.834 GC heap before
{Heap before GC invocations=1252 (full 3):
 PSYoungGen      total 5632K, used 5396K [0x00000000eab00000, 0x00000000eb180000, 0x0000000100000000)
  eden space 5120K, 100% used [0x00000000eab00000,0x00000000eb000000,0x00000000eb000000)
  from space 512K, 54% used [0x00000000eb100000,0x00000000eb1452c0,0x00000000eb180000)
  to   space 512K, 0% used [0x00000000eb080000,0x00000000eb080000,0x00000000eb100000)
 ParOldGen       total 446976K, used 446527K [0x00000000c0000000, 0x00000000db480000, 0x00000000eab00000)
  object space 446976K, 99% used [0x00000000c0000000,0x00000000db40ffe0,0x00000000db480000)
 Metaspace       used 73485K, committed 74944K, reserved 1179648K
  class space    used 7688K, committed 8320K, reserved 1048576K
}
Event: 100.837 GC heap after
{Heap after GC invocations=1252 (full 3):
 PSYoungGen      total 5632K, used 203K [0x00000000eab00000, 0x00000000eb180000, 0x0000000100000000)
  eden space 5120K, 0% used [0x00000000eab00000,0x00000000eab00000,0x00000000eb000000)
  from space 512K, 39% used [0x00000000eb080000,0x00000000eb0b2f38,0x00000000eb100000)
  to   space 512K, 0% used [0x00000000eb100000,0x00000000eb100000,0x00000000eb180000)
 ParOldGen       total 446976K, used 446706K [0x00000000c0000000, 0x00000000db480000, 0x00000000eab00000)
  object space 446976K, 99% used [0x00000000c0000000,0x00000000db43c888,0x00000000db480000)
 Metaspace       used 73485K, committed 74944K, reserved 1179648K
  class space    used 7688K, committed 8320K, reserved 1048576K
}
Event: 100.863 GC heap before
{Heap before GC invocations=1253 (full 3):
 PSYoungGen      total 5632K, used 5323K [0x00000000eab00000, 0x00000000eb180000, 0x0000000100000000)
  eden space 5120K, 100% used [0x00000000eab00000,0x00000000eb000000,0x00000000eb000000)
  from space 512K, 39% used [0x00000000eb080000,0x00000000eb0b2f38,0x00000000eb100000)
  to   space 512K, 0% used [0x00000000eb100000,0x00000000eb100000,0x00000000eb180000)
 ParOldGen       total 446976K, used 446706K [0x00000000c0000000, 0x00000000db480000, 0x00000000eab00000)
  object space 446976K, 99% used [0x00000000c0000000,0x00000000db43c888,0x00000000db480000)
 Metaspace       used 73485K, committed 74944K, reserved 1179648K
  class space    used 7688K, committed 8320K, reserved 1048576K
}
Event: 100.866 GC heap after
{Heap after GC invocations=1253 (full 3):
 PSYoungGen      total 5632K, used 224K [0x00000000eab00000, 0x00000000eb180000, 0x0000000100000000)
  eden space 5120K, 0% used [0x00000000eab00000,0x00000000eab00000,0x00000000eb000000)
  from space 512K, 43% used [0x00000000eb100000,0x00000000eb138000,0x00000000eb180000)
  to   space 512K, 0% used [0x00000000eb080000,0x00000000eb080000,0x00000000eb100000)
 ParOldGen       total 446976K, used 446837K [0x00000000c0000000, 0x00000000db480000, 0x00000000eab00000)
  object space 446976K, 99% used [0x00000000c0000000,0x00000000db45d7c0,0x00000000db480000)
 Metaspace       used 73485K, committed 74944K, reserved 1179648K
  class space    used 7688K, committed 8320K, reserved 1048576K
}
Event: 100.884 GC heap before
{Heap before GC invocations=1254 (full 3):
 PSYoungGen      total 5632K, used 5344K [0x00000000eab00000, 0x00000000eb180000, 0x0000000100000000)
  eden space 5120K, 100% used [0x00000000eab00000,0x00000000eb000000,0x00000000eb000000)
  from space 512K, 43% used [0x00000000eb100000,0x00000000eb138000,0x00000000eb180000)
  to   space 512K, 0% used [0x00000000eb080000,0x00000000eb080000,0x00000000eb100000)
 ParOldGen       total 446976K, used 446837K [0x00000000c0000000, 0x00000000db480000, 0x00000000eab00000)
  object space 446976K, 99% used [0x00000000c0000000,0x00000000db45d7c0,0x00000000db480000)
 Metaspace       used 73485K, committed 74944K, reserved 1179648K
  class space    used 7688K, committed 8320K, reserved 1048576K
}
Event: 100.888 GC heap after
{Heap after GC invocations=1254 (full 3):
 PSYoungGen      total 5632K, used 192K [0x00000000eab00000, 0x00000000eb180000, 0x0000000100000000)
  eden space 5120K, 0% used [0x00000000eab00000,0x00000000eab00000,0x00000000eb000000)
  from space 512K, 37% used [0x00000000eb080000,0x00000000eb0b0000,0x00000000eb100000)
  to   space 512K, 0% used [0x00000000eb100000,0x00000000eb100000,0x00000000eb180000)
 ParOldGen       total 446976K, used 446950K [0x00000000c0000000, 0x00000000db480000, 0x00000000eab00000)
  object space 446976K, 99% used [0x00000000c0000000,0x00000000db479810,0x00000000db480000)
 Metaspace       used 73485K, committed 74944K, reserved 1179648K
  class space    used 7688K, committed 8320K, reserved 1048576K
}
Event: 100.917 GC heap before
{Heap before GC invocations=1255 (full 3):
 PSYoungGen      total 5632K, used 5312K [0x00000000eab00000, 0x00000000eb180000, 0x0000000100000000)
  eden space 5120K, 100% used [0x00000000eab00000,0x00000000eb000000,0x00000000eb000000)
  from space 512K, 37% used [0x00000000eb080000,0x00000000eb0b0000,0x00000000eb100000)
  to   space 512K, 0% used [0x00000000eb100000,0x00000000eb100000,0x00000000eb180000)
 ParOldGen       total 446976K, used 446950K [0x00000000c0000000, 0x00000000db480000, 0x00000000eab00000)
  object space 446976K, 99% used [0x00000000c0000000,0x00000000db479810,0x00000000db480000)
 Metaspace       used 73486K, committed 75008K, reserved 1179648K
  class space    used 7688K, committed 8320K, reserved 1048576K
}
Event: 100.920 GC heap after
{Heap after GC invocations=1255 (full 3):
 PSYoungGen      total 5632K, used 192K [0x00000000eab00000, 0x00000000eb180000, 0x0000000100000000)
  eden space 5120K, 0% used [0x00000000eab00000,0x00000000eab00000,0x00000000eb000000)
  from space 512K, 37% used [0x00000000eb100000,0x00000000eb130000,0x00000000eb180000)
  to   space 512K, 0% used [0x00000000eb080000,0x00000000eb080000,0x00000000eb100000)
 ParOldGen       total 447488K, used 447046K [0x00000000c0000000, 0x00000000db500000, 0x00000000eab00000)
  object space 447488K, 99% used [0x00000000c0000000,0x00000000db491810,0x00000000db500000)
 Metaspace       used 73486K, committed 75008K, reserved 1179648K
  class space    used 7688K, committed 8320K, reserved 1048576K
}
Event: 101.018 GC heap before
{Heap before GC invocations=1256 (full 3):
 PSYoungGen      total 5632K, used 5312K [0x00000000eab00000, 0x00000000eb180000, 0x0000000100000000)
  eden space 5120K, 100% used [0x00000000eab00000,0x00000000eb000000,0x00000000eb000000)
  from space 512K, 37% used [0x00000000eb100000,0x00000000eb130000,0x00000000eb180000)
  to   space 512K, 0% used [0x00000000eb080000,0x00000000eb080000,0x00000000eb100000)
 ParOldGen       total 447488K, used 447046K [0x00000000c0000000, 0x00000000db500000, 0x00000000eab00000)
  object space 447488K, 99% used [0x00000000c0000000,0x00000000db491810,0x00000000db500000)
 Metaspace       used 73532K, committed 75008K, reserved 1179648K
  class space    used 7701K, committed 8320K, reserved 1048576K
}
Event: 101.022 GC heap after
{Heap after GC invocations=1256 (full 3):
 PSYoungGen      total 5632K, used 352K [0x00000000eab00000, 0x00000000eb180000, 0x0000000100000000)
  eden space 5120K, 0% used [0x00000000eab00000,0x00000000eab00000,0x00000000eb000000)
  from space 512K, 68% used [0x00000000eb080000,0x00000000eb0d8000,0x00000000eb100000)
  to   space 512K, 0% used [0x00000000eb100000,0x00000000eb100000,0x00000000eb180000)
 ParOldGen       total 447488K, used 447126K [0x00000000c0000000, 0x00000000db500000, 0x00000000eab00000)
  object space 447488K, 99% used [0x00000000c0000000,0x00000000db4a5810,0x00000000db500000)
 Metaspace       used 73532K, committed 75008K, reserved 1179648K
  class space    used 7701K, committed 8320K, reserved 1048576K
}
Event: 101.222 GC heap before
{Heap before GC invocations=1257 (full 3):
 PSYoungGen      total 5632K, used 5470K [0x00000000eab00000, 0x00000000eb180000, 0x0000000100000000)
  eden space 5120K, 99% used [0x00000000eab00000,0x00000000eafffb78,0x00000000eb000000)
  from space 512K, 68% used [0x00000000eb080000,0x00000000eb0d8000,0x00000000eb100000)
  to   space 512K, 0% used [0x00000000eb100000,0x00000000eb100000,0x00000000eb180000)
 ParOldGen       total 447488K, used 447126K [0x00000000c0000000, 0x00000000db500000, 0x00000000eab00000)
  object space 447488K, 99% used [0x00000000c0000000,0x00000000db4a5810,0x00000000db500000)
 Metaspace       used 73687K, committed 75136K, reserved 1179648K
  class space    used 7718K, committed 8320K, reserved 1048576K
}
Event: 101.225 GC heap after
{Heap after GC invocations=1257 (full 3):
 PSYoungGen      total 5632K, used 480K [0x00000000eab00000, 0x00000000eb180000, 0x0000000100000000)
  eden space 5120K, 0% used [0x00000000eab00000,0x00000000eab00000,0x00000000eb000000)
  from space 512K, 93% used [0x00000000eb100000,0x00000000eb178000,0x00000000eb180000)
  to   space 512K, 0% used [0x00000000eb080000,0x00000000eb080000,0x00000000eb100000)
 ParOldGen       total 447488K, used 447422K [0x00000000c0000000, 0x00000000db500000, 0x00000000eab00000)
  object space 447488K, 99% used [0x00000000c0000000,0x00000000db4ef820,0x00000000db500000)
 Metaspace       used 73687K, committed 75136K, reserved 1179648K
  class space    used 7718K, committed 8320K, reserved 1048576K
}
Event: 101.272 GC heap before
{Heap before GC invocations=1258 (full 3):
 PSYoungGen      total 5632K, used 5600K [0x00000000eab00000, 0x00000000eb180000, 0x0000000100000000)
  eden space 5120K, 100% used [0x00000000eab00000,0x00000000eb000000,0x00000000eb000000)
  from space 512K, 93% used [0x00000000eb100000,0x00000000eb178000,0x00000000eb180000)
  to   space 512K, 0% used [0x00000000eb080000,0x00000000eb080000,0x00000000eb100000)
 ParOldGen       total 447488K, used 447422K [0x00000000c0000000, 0x00000000db500000, 0x00000000eab00000)
  object space 447488K, 99% used [0x00000000c0000000,0x00000000db4ef820,0x00000000db500000)
 Metaspace       used 73722K, committed 75200K, reserved 1179648K
  class space    used 7720K, committed 8320K, reserved 1048576K
}
Event: 101.277 GC heap after
{Heap after GC invocations=1258 (full 3):
 PSYoungGen      total 5632K, used 500K [0x00000000eab00000, 0x00000000eb300000, 0x0000000100000000)
  eden space 5120K, 0% used [0x00000000eab00000,0x00000000eab00000,0x00000000eb000000)
  from space 512K, 97% used [0x00000000eb080000,0x00000000eb0fd200,0x00000000eb100000)
  to   space 1536K, 0% used [0x00000000eb180000,0x00000000eb180000,0x00000000eb300000)
 ParOldGen       total 448512K, used 448130K [0x00000000c0000000, 0x00000000db600000, 0x00000000eab00000)
  object space 448512K, 99% used [0x00000000c0000000,0x00000000db5a0840,0x00000000db600000)
 Metaspace       used 73722K, committed 75200K, reserved 1179648K
  class space    used 7720K, committed 8320K, reserved 1048576K
}
Event: 101.490 GC heap before
{Heap before GC invocations=1259 (full 3):
 PSYoungGen      total 5632K, used 5620K [0x00000000eab00000, 0x00000000eb300000, 0x0000000100000000)
  eden space 5120K, 100% used [0x00000000eab00000,0x00000000eb000000,0x00000000eb000000)
  from space 512K, 97% used [0x00000000eb080000,0x00000000eb0fd200,0x00000000eb100000)
  to   space 1536K, 0% used [0x00000000eb180000,0x00000000eb180000,0x00000000eb300000)
 ParOldGen       total 448512K, used 448130K [0x00000000c0000000, 0x00000000db600000, 0x00000000eab00000)
  object space 448512K, 99% used [0x00000000c0000000,0x00000000db5a0840,0x00000000db600000)
 Metaspace       used 73744K, committed 75200K, reserved 1179648K
  class space    used 7720K, committed 8320K, reserved 1048576K
}
Event: 101.495 GC heap after
{Heap after GC invocations=1259 (full 3):
 PSYoungGen      total 6656K, used 928K [0x00000000eab00000, 0x00000000eb300000, 0x0000000100000000)
  eden space 5120K, 0% used [0x00000000eab00000,0x00000000eab00000,0x00000000eb000000)
  from space 1536K, 60% used [0x00000000eb180000,0x00000000eb2682d8,0x00000000eb300000)
  to   space 1536K, 0% used [0x00000000eb000000,0x00000000eb000000,0x00000000eb180000)
 ParOldGen       total 449024K, used 448606K [0x00000000c0000000, 0x00000000db680000, 0x00000000eab00000)
  object space 449024K, 99% used [0x00000000c0000000,0x00000000db617a40,0x00000000db680000)
 Metaspace       used 73744K, committed 75200K, reserved 1179648K
  class space    used 7720K, committed 8320K, reserved 1048576K
}
Event: 101.569 GC heap before
{Heap before GC invocations=1260 (full 3):
 PSYoungGen      total 6656K, used 6048K [0x00000000eab00000, 0x00000000eb300000, 0x0000000100000000)
  eden space 5120K, 99% used [0x00000000eab00000,0x00000000eafffe58,0x00000000eb000000)
  from space 1536K, 60% used [0x00000000eb180000,0x00000000eb2682d8,0x00000000eb300000)
  to   space 1536K, 0% used [0x00000000eb000000,0x00000000eb000000,0x00000000eb180000)
 ParOldGen       total 449024K, used 448606K [0x00000000c0000000, 0x00000000db680000, 0x00000000eab00000)
  object space 449024K, 99% used [0x00000000c0000000,0x00000000db617a40,0x00000000db680000)
 Metaspace       used 73744K, committed 75200K, reserved 1179648K
  class space    used 7720K, committed 8320K, reserved 1048576K
}
Event: 101.571 GC heap after
{Heap after GC invocations=1260 (full 3):
 PSYoungGen      total 6144K, used 704K [0x00000000eab00000, 0x00000000eb200000, 0x0000000100000000)
  eden space 5120K, 0% used [0x00000000eab00000,0x00000000eab00000,0x00000000eb000000)
  from space 1024K, 68% used [0x00000000eb000000,0x00000000eb0b0000,0x00000000eb100000)
  to   space 1024K, 0% used [0x00000000eb100000,0x00000000eb100000,0x00000000eb200000)
 ParOldGen       total 449536K, used 449430K [0x00000000c0000000, 0x00000000db700000, 0x00000000eab00000)
  object space 449536K, 99% used [0x00000000c0000000,0x00000000db6e58d0,0x00000000db700000)
 Metaspace       used 73744K, committed 75200K, reserved 1179648K
  class space    used 7720K, committed 8320K, reserved 1048576K
}

